<?xml version="1.0" encoding="UTF-8"?>
<!-- Generated by org.testng.reporters.JUnitReportReporter -->
<testsuite skipped="0" hostname="L-BG-P10425435" name="com.integra.autobase.runner.RunCukesTest" tests="1" failures="0" timestamp="26 Jan 2019 18:27:46 GMT" time="0.094" errors="0">
  <testcase name="feature" time="0.094" classname="com.integra.autobase.runner.RunCukesTest"/>
</testsuite> <!-- com.integra.autobase.runner.RunCukesTest -->
